{"contracts/Strategy.sol":{"l":{"32":3,"33":3,"34":3,"38":13,"39":9,"43":5,"44":3,"48":5,"49":5,"59":6,"63":5,"64":5,"65":2,"66":0,"68":3,"69":1,"70":1,"71":1,"74":2,"75":2,"76":2,"81":3,"85":1,"89":1,"93":1,"94":1,"95":1,"96":1,"97":1,"101":1,"102":1,"106":1,"107":1,"111":1,"115":1,"119":1,"123":1},"path":"/Users/lu/Desktop/flamincome/truffle/contracts/Strategy.sol","s":{"1":3,"2":3,"3":3,"4":13,"5":5,"6":5,"7":6,"8":5,"9":5,"10":2,"11":0,"12":3,"13":1,"14":1,"15":1,"16":2,"17":2,"18":2,"19":2,"20":3,"21":1,"22":1,"23":1,"24":1,"25":1,"26":1,"27":1,"28":1,"29":1,"30":1,"31":1,"32":1,"33":1,"34":1,"35":1},"b":{"1":[9,4],"2":[3,2],"3":[5,0],"4":[2,3],"5":[1,2],"6":[2,0],"7":[1,0],"8":[1,0]},"f":{"1":3,"2":13,"3":5,"4":5,"5":1,"6":2,"7":6,"8":5,"9":3,"10":1,"11":1,"12":1,"13":1,"14":1,"15":1,"16":1,"17":1,"18":1},"fnMap":{"1":{"name":"constructor","line":31,"loc":{"start":{"line":31,"column":4},"end":{"line":35,"column":4}}},"2":{"name":"pGOV","line":37,"loc":{"start":{"line":37,"column":4},"end":{"line":40,"column":4}}},"3":{"name":"pSTR","line":42,"loc":{"start":{"line":42,"column":4},"end":{"line":45,"column":4}}},"4":{"name":"pVAL","line":47,"loc":{"start":{"line":47,"column":4},"end":{"line":50,"column":4}}},"5":{"name":"deposit","line":52,"loc":{"start":{"line":52,"column":4},"end":{"line":53,"column":4}}},"6":{"name":"withdraw","line":55,"loc":{"start":{"line":55,"column":4},"end":{"line":56,"column":4}}},"7":{"name":"deposited","line":58,"loc":{"start":{"line":58,"column":4},"end":{"line":60,"column":4}}},"8":{"name":"withdraw","line":62,"loc":{"start":{"line":62,"column":4},"end":{"line":78,"column":4}}},"9":{"name":"balanceOfY","line":80,"loc":{"start":{"line":80,"column":4},"end":{"line":82,"column":4}}},"10":{"name":"setGovernance","line":84,"loc":{"start":{"line":84,"column":4},"end":{"line":86,"column":4}}},"11":{"name":"setStrategist","line":88,"loc":{"start":{"line":88,"column":4},"end":{"line":90,"column":4}}},"12":{"name":"update","line":92,"loc":{"start":{"line":92,"column":4},"end":{"line":98,"column":4}}},"13":{"name":"setX","line":100,"loc":{"start":{"line":100,"column":4},"end":{"line":103,"column":4}}},"14":{"name":"setY","line":105,"loc":{"start":{"line":105,"column":4},"end":{"line":108,"column":4}}},"15":{"name":"setFeeXE18","line":110,"loc":{"start":{"line":110,"column":4},"end":{"line":112,"column":4}}},"16":{"name":"setFeeYE18","line":114,"loc":{"start":{"line":114,"column":4},"end":{"line":116,"column":4}}},"17":{"name":"setFeePE18","line":118,"loc":{"start":{"line":118,"column":4},"end":{"line":120,"column":4}}},"18":{"name":"pika","line":122,"loc":{"start":{"line":122,"column":4},"end":{"line":124,"column":4}}}},"statementMap":{"1":{"start":{"line":32,"column":8},"end":{"line":32,"column":30}},"2":{"start":{"line":33,"column":8},"end":{"line":33,"column":30}},"3":{"start":{"line":34,"column":8},"end":{"line":34,"column":21}},"4":{"start":{"line":38,"column":6},"end":{"line":38,"column":47}},"5":{"start":{"line":43,"column":6},"end":{"line":43,"column":75}},"6":{"start":{"line":48,"column":6},"end":{"line":48,"column":58}},"7":{"start":{"line":59,"column":8},"end":{"line":59,"column":16}},"8":{"start":{"line":63,"column":8},"end":{"line":63,"column":65}},"9":{"start":{"line":64,"column":8},"end":{"line":64,"column":1480}},"10":{"start":{"line":65,"column":12},"end":{"line":65,"column":69}},"11":{"start":{"line":66,"column":12},"end":{"line":66,"column":78}},"12":{"start":{"line":68,"column":8},"end":{"line":68,"column":1677}},"13":{"start":{"line":69,"column":12},"end":{"line":69,"column":57}},"14":{"start":{"line":70,"column":12},"end":{"line":70,"column":55}},"15":{"start":{"line":71,"column":12},"end":{"line":71,"column":61}},"16":{"start":{"line":73,"column":13},"end":{"line":73,"column":1904}},"17":{"start":{"line":74,"column":12},"end":{"line":74,"column":57}},"18":{"start":{"line":75,"column":12},"end":{"line":75,"column":55}},"19":{"start":{"line":76,"column":12},"end":{"line":76,"column":61}},"20":{"start":{"line":81,"column":8},"end":{"line":81,"column":99}},"21":{"start":{"line":85,"column":8},"end":{"line":85,"column":31}},"22":{"start":{"line":89,"column":8},"end":{"line":89,"column":31}},"23":{"start":{"line":93,"column":8},"end":{"line":93,"column":21}},"24":{"start":{"line":94,"column":8},"end":{"line":94,"column":65}},"25":{"start":{"line":95,"column":8},"end":{"line":95,"column":54}},"26":{"start":{"line":96,"column":8},"end":{"line":96,"column":38}},"27":{"start":{"line":97,"column":8},"end":{"line":97,"column":38}},"28":{"start":{"line":101,"column":8},"end":{"line":101,"column":52}},"29":{"start":{"line":102,"column":8},"end":{"line":102,"column":13}},"30":{"start":{"line":106,"column":8},"end":{"line":106,"column":52}},"31":{"start":{"line":107,"column":8},"end":{"line":107,"column":13}},"32":{"start":{"line":111,"column":8},"end":{"line":111,"column":21}},"33":{"start":{"line":115,"column":8},"end":{"line":115,"column":21}},"34":{"start":{"line":119,"column":8},"end":{"line":119,"column":21}},"35":{"start":{"line":123,"column":8},"end":{"line":123,"column":47}}},"branchMap":{"1":{"line":38,"type":"if","locations":[{"start":{"line":38,"column":6},"end":{"line":38,"column":6}},{"start":{"line":38,"column":6},"end":{"line":38,"column":6}}]},"2":{"line":43,"type":"if","locations":[{"start":{"line":43,"column":6},"end":{"line":43,"column":6}},{"start":{"line":43,"column":6},"end":{"line":43,"column":6}}]},"3":{"line":48,"type":"if","locations":[{"start":{"line":48,"column":6},"end":{"line":48,"column":6}},{"start":{"line":48,"column":6},"end":{"line":48,"column":6}}]},"4":{"line":64,"type":"if","locations":[{"start":{"line":64,"column":8},"end":{"line":64,"column":8}},{"start":{"line":64,"column":8},"end":{"line":64,"column":8}}]},"5":{"line":68,"type":"if","locations":[{"start":{"line":68,"column":8},"end":{"line":68,"column":8}},{"start":{"line":68,"column":8},"end":{"line":68,"column":8}}]},"6":{"line":73,"type":"if","locations":[{"start":{"line":73,"column":13},"end":{"line":73,"column":13}},{"start":{"line":73,"column":13},"end":{"line":73,"column":13}}]},"7":{"line":101,"type":"if","locations":[{"start":{"line":101,"column":8},"end":{"line":101,"column":8}},{"start":{"line":101,"column":8},"end":{"line":101,"column":8}}]},"8":{"line":106,"type":"if","locations":[{"start":{"line":106,"column":8},"end":{"line":106,"column":8}},{"start":{"line":106,"column":8},"end":{"line":106,"column":8}}]}}}}