TN:
SF:/Users/lu/Desktop/flamincome/truffle/contracts/Strategy.sol
FN:31,constructor
FN:37,pGOV
FN:42,pSTR
FN:47,pVAL
FN:52,deposit
FN:55,withdraw
FN:58,deposited
FN:62,withdraw
FN:80,balanceOfY
FN:84,setGovernance
FN:88,setStrategist
FN:92,update
FN:100,setX
FN:105,setY
FN:110,setFeeXE18
FN:114,setFeeYE18
FN:118,setFeePE18
FN:122,pika
FNF:18
FNH:18
FNDA:3,constructor
FNDA:13,pGOV
FNDA:5,pSTR
FNDA:5,pVAL
FNDA:1,deposit
FNDA:2,withdraw
FNDA:6,deposited
FNDA:5,withdraw
FNDA:3,balanceOfY
FNDA:1,setGovernance
FNDA:1,setStrategist
FNDA:1,update
FNDA:1,setX
FNDA:1,setY
FNDA:1,setFeeXE18
FNDA:1,setFeeYE18
FNDA:1,setFeePE18
FNDA:1,pika
DA:32,3
DA:33,3
DA:34,3
DA:38,13
DA:39,9
DA:43,5
DA:44,3
DA:48,5
DA:49,5
DA:59,6
DA:63,5
DA:64,5
DA:65,2
DA:66,0
DA:68,3
DA:69,1
DA:70,1
DA:71,1
DA:74,2
DA:75,2
DA:76,2
DA:81,3
DA:85,1
DA:89,1
DA:93,1
DA:94,1
DA:95,1
DA:96,1
DA:97,1
DA:101,1
DA:102,1
DA:106,1
DA:107,1
DA:111,1
DA:115,1
DA:119,1
DA:123,1
LF:37
LH:36
BRDA:38,1,0,9
BRDA:38,1,1,4
BRDA:43,2,0,3
BRDA:43,2,1,2
BRDA:48,3,0,5
BRDA:48,3,1,0
BRDA:64,4,0,2
BRDA:64,4,1,3
BRDA:68,5,0,1
BRDA:68,5,1,2
BRDA:73,6,0,2
BRDA:73,6,1,0
BRDA:101,7,0,1
BRDA:101,7,1,0
BRDA:106,8,0,1
BRDA:106,8,1,0
BRF:16
BRH:12
end_of_record
